[debug] [2022-10-01T03:14:12.814Z] ----------------------------------------------------------------------
[debug] [2022-10-01T03:14:12.817Z] Command:       C:\Program Files\nodejs\node.exe C:\Users\Stephen\AppData\Roaming\npm\node_modules\firebase-tools\lib\bin\firebase.js init
[debug] [2022-10-01T03:14:12.817Z] CLI Version:   10.1.0
[debug] [2022-10-01T03:14:12.817Z] Platform:      win32
[debug] [2022-10-01T03:14:12.817Z] Node Version:  v12.18.1
[debug] [2022-10-01T03:14:12.818Z] Time:          Sat Oct 01 2022 11:14:12 GMT+0800 (Australian Western Standard Time)
[debug] [2022-10-01T03:14:12.818Z] ----------------------------------------------------------------------
[debug] 
[debug] [2022-10-01T03:14:12.821Z] >>> [apiv2][query] GET https://firebase-public.firebaseio.com/cli.json [none]
[debug] [2022-10-01T03:14:12.896Z] > command requires scopes: ["email","openid","https://www.googleapis.com/auth/cloudplatformprojects.readonly","https://www.googleapis.com/auth/firebase","https://www.googleapis.com/auth/cloud-platform"]
[debug] [2022-10-01T03:14:12.896Z] > authorizing via signed-in user (stephen.vinuya@gmail.com)
[info] 
     ######## #### ########  ######## ########     ###     ######  ########
     ##        ##  ##     ## ##       ##     ##  ##   ##  ##       ##
     ######    ##  ########  ######   ########  #########  ######  ######
     ##        ##  ##    ##  ##       ##     ## ##     ##       ## ##
     ##       #### ##     ## ######## ########  ##     ##  ######  ########

You're about to initialize a Firebase project in this directory:

  C:\Users\Stephen\Downloads\waveplay-memory-game-master\hive-mind

Before we get started, keep in mind:

  * You are initializing within an existing Firebase project directory

[debug] [2022-10-01T03:14:13.423Z] <<< [apiv2][status] GET https://firebase-public.firebaseio.com/cli.json 200
[debug] [2022-10-01T03:14:13.423Z] <<< [apiv2][body] GET https://firebase-public.firebaseio.com/cli.json {"cloudBuildErrorAfter":1594252800000,"cloudBuildWarnAfter":1590019200000,"defaultNode10After":1594252800000,"minVersion":"3.0.5","node8DeploysDisabledAfter":1613390400000,"node8RuntimeDisabledAfter":1615809600000,"node8WarnAfter":1600128000000}
[info] 
=== Project Setup
[info] 
[info] First, let's associate this project directory with a Firebase project.
[info] You can create multiple project aliases by running firebase use --add, 
[info] but for now we'll just set up a default project.
[info] 
[debug] [2022-10-01T03:14:27.900Z] Using project from CLI flag: waveplay-match-game
[debug] [2022-10-01T03:14:27.901Z] > refreshing access token with scopes: []
[debug] [2022-10-01T03:14:27.901Z] >>> HTTP REQUEST POST https://www.googleapis.com/oauth2/v3/token  
 <request body omitted>
[debug] [2022-10-01T03:14:28.125Z] <<< HTTP RESPONSE 200 {"pragma":"no-cache","cache-control":"no-cache, no-store, max-age=0, must-revalidate","expires":"Mon, 01 Jan 1990 00:00:00 GMT","date":"Sat, 01 Oct 2022 03:14:28 GMT","content-type":"application/json; charset=utf-8","vary":"X-Origin, Referer, Origin,Accept-Encoding","server":"scaffolding on HTTPServer2","x-xss-protection":"0","x-frame-options":"SAMEORIGIN","x-content-type-options":"nosniff","alt-svc":"h3=\":443\"; ma=2592000,h3-29=\":443\"; ma=2592000,h3-Q050=\":443\"; ma=2592000,h3-Q046=\":443\"; ma=2592000,h3-Q043=\":443\"; ma=2592000,quic=\":443\"; ma=2592000; v=\"46,43\"","accept-ranges":"none","transfer-encoding":"chunked"}
[debug] [2022-10-01T03:14:28.139Z] >>> [apiv2][query] GET https://firebase.googleapis.com/v1beta1/projects/waveplay-match-game [none]
[debug] [2022-10-01T03:14:28.564Z] <<< [apiv2][status] GET https://firebase.googleapis.com/v1beta1/projects/waveplay-match-game 403
[debug] [2022-10-01T03:14:28.565Z] <<< [apiv2][body] GET https://firebase.googleapis.com/v1beta1/projects/waveplay-match-game {"error":{"code":403,"message":"The caller does not have permission","status":"PERMISSION_DENIED"}}
[debug] [2022-10-01T03:14:28.565Z] HTTP Error: 403, The caller does not have permission
[debug] [2022-10-01T03:14:28.719Z] FirebaseError: HTTP Error: 403, The caller does not have permission
    at module.exports (C:\Users\Stephen\AppData\Roaming\npm\node_modules\firebase-tools\lib\responseToError.js:38:12)
    at Client.doRequest (C:\Users\Stephen\AppData\Roaming\npm\node_modules\firebase-tools\lib\apiv2.js:241:23)
    at processTicksAndRejections (internal/process/task_queues.js:97:5)
    at async Client.request (C:\Users\Stephen\AppData\Roaming\npm\node_modules\firebase-tools\lib\apiv2.js:96:20)
    at async getFirebaseProject (C:\Users\Stephen\AppData\Roaming\npm\node_modules\firebase-tools\lib\management\projects.js:290:21)
    at async Object.doSetup [as project] (C:\Users\Stephen\AppData\Roaming\npm\node_modules\firebase-tools\lib\init\features\project.js:85:27)
    at async init (C:\Users\Stephen\AppData\Roaming\npm\node_modules\firebase-tools\lib\init\index.js:19:9)
[error] 
[error] Error: Failed to get Firebase project waveplay-match-game. Please make sure the project exists and your account has permission to access it.
